Performing C++ SOURCE FILE Test HAVE_FLAG__ffile_prefix_map__home_vind_dpl_build__deps_catch2_src__ failed with the following output:
Change Dir: /home/vind/dpl/build/CMakeFiles/CMakeTmp

Run Build Command(s):/usr/bin/gmake -f Makefile cmTC_4a3a4/fast && /usr/bin/gmake  -f CMakeFiles/cmTC_4a3a4.dir/build.make CMakeFiles/cmTC_4a3a4.dir/build
gmake[1]: Entering directory '/home/vind/dpl/build/CMakeFiles/CMakeTmp'
Building CXX object CMakeFiles/cmTC_4a3a4.dir/src.cxx.o
/home/vind/dpl/emsdk/upstream/emscripten/em++ -DHAVE_FLAG__ffile_prefix_map__home_vind_dpl_build__deps_catch2_src__  -Wall -Wextra -g -O0 --coverage    -ffile-prefix-map=/home/vind/dpl/build/_deps/catch2-src/= -std=gnu++17 -MD -MT CMakeFiles/cmTC_4a3a4.dir/src.cxx.o -MF CMakeFiles/cmTC_4a3a4.dir/src.cxx.o.d -o CMakeFiles/cmTC_4a3a4.dir/src.cxx.o -c /home/vind/dpl/build/CMakeFiles/CMakeTmp/src.cxx
shared:INFO: (Emscripten: Running sanity checks)
Linking CXX executable cmTC_4a3a4.js
/usr/bin/cmake -E cmake_link_script CMakeFiles/cmTC_4a3a4.dir/link.txt --verbose=1
/home/vind/dpl/emsdk/upstream/emscripten/em++  -Wall -Wextra -g -O0 --coverage  @CMakeFiles/cmTC_4a3a4.dir/objects1.rsp -o cmTC_4a3a4.js 
cache:INFO: generating system asset: symbol_lists/0a4d6d24a2edee85b77d94cc511224c859446d68.json... (this will be cached in "/home/vind/dpl/emsdk/upstream/emscripten/cache/symbol_lists/0a4d6d24a2edee85b77d94cc511224c859446d68.json" for subsequent builds)
cache:INFO:  - ok
wasm-ld: error: CMakeFiles/cmTC_4a3a4.dir/src.cxx.o: undefined symbol: llvm_gcda_start_file
wasm-ld: error: CMakeFiles/cmTC_4a3a4.dir/src.cxx.o: undefined symbol: llvm_gcda_emit_function
wasm-ld: error: CMakeFiles/cmTC_4a3a4.dir/src.cxx.o: undefined symbol: llvm_gcda_emit_arcs
wasm-ld: error: CMakeFiles/cmTC_4a3a4.dir/src.cxx.o: undefined symbol: llvm_gcda_summary_info
wasm-ld: error: CMakeFiles/cmTC_4a3a4.dir/src.cxx.o: undefined symbol: llvm_gcda_end_file
wasm-ld: error: CMakeFiles/cmTC_4a3a4.dir/src.cxx.o: undefined symbol: llvm_gcov_init
em++: error: '/home/vind/dpl/emsdk/upstream/bin/wasm-ld -o cmTC_4a3a4.wasm -L/home/vind/dpl/emsdk/upstream/emscripten/cache/sysroot/lib/wasm32-emscripten CMakeFiles/cmTC_4a3a4.dir/src.cxx.o -lGL-getprocaddr -lal -lhtml5 -lstubs-debug -lnoexit -lc-debug -ldlmalloc -lcompiler_rt -lc++-noexcept -lc++abi-debug-noexcept -lsockets -mllvm -combiner-global-alias-analysis=false -mllvm -enable-emscripten-sjlj -mllvm -disable-lsr /tmp/tmpau_hih17libemscripten_js_symbols.so --export=emscripten_stack_get_end --export=emscripten_stack_get_free --export=emscripten_stack_get_base --export=emscripten_stack_get_current --export=emscripten_stack_init --export=_emscripten_stack_alloc --export=__get_temp_ret --export=__set_temp_ret --export=__wasm_call_ctors --export=_emscripten_stack_restore --export-if-defined=__start_em_asm --export-if-defined=__stop_em_asm --export-if-defined=__start_em_lib_deps --export-if-defined=__stop_em_lib_deps --export-if-defined=__start_em_js --export-if-defined=__stop_em_js --export-if-defined=main --export-if-defined=__main_argc_argv --export-if-defined=fflush --export-table -z stack-size=65536 --no-growable-memory --initial-heap=16777216 --no-entry --stack-first --table-base=1' failed (returned 1)
gmake[1]: *** [CMakeFiles/cmTC_4a3a4.dir/build.make:101: cmTC_4a3a4.js] Error 1
gmake[1]: Leaving directory '/home/vind/dpl/build/CMakeFiles/CMakeTmp'
gmake: *** [Makefile:127: cmTC_4a3a4/fast] Error 2


Source file was:
int main() { return 0; }
